[debug] [2025-08-18T16:04:35.196Z] ----------------------------------------------------------------------
[debug] [2025-08-18T16:04:35.199Z] Command:       C:\nvm4w\nodejs\node.exe C:\Users\WillOfD\AppData\Roaming\npm\node_modules\firebase-tools\lib\bin\firebase.js init
[debug] [2025-08-18T16:04:35.200Z] CLI Version:   14.12.1
[debug] [2025-08-18T16:04:35.200Z] Platform:      win32
[debug] [2025-08-18T16:04:35.200Z] Node Version:  v22.17.1
[debug] [2025-08-18T16:04:35.200Z] Time:          Mon Aug 18 2025 23:04:35 GMT+0700 (Western Indonesia Time)
[debug] [2025-08-18T16:04:35.200Z] ----------------------------------------------------------------------
[debug] 
[debug] [2025-08-18T16:04:35.383Z] > command requires scopes: ["email","openid","https://www.googleapis.com/auth/cloudplatformprojects.readonly","https://www.googleapis.com/auth/firebase","https://www.googleapis.com/auth/cloud-platform"]
[debug] [2025-08-18T16:04:35.383Z] > authorizing via signed-in user (geraldy.miero@gmail.com)
[info] 
     ######## #### ########  ######## ########     ###     ######  ########
     ##        ##  ##     ## ##       ##     ##  ##   ##  ##       ##
     ######    ##  ########  ######   ########  #########  ######  ######
     ##        ##  ##    ##  ##       ##     ## ##     ##       ## ##
     ##       #### ##     ## ######## ########  ##     ##  ######  ########

You're about to initialize a Firebase project in this directory:

  G:\Projects\audit-dashboard

Before we get started, keep in mind:

  * You are initializing within an existing Firebase project directory

[info] 
=== Project Setup
[info] 
[info] First, let's associate this project directory with a Firebase project.
[info] You can create multiple project aliases by running firebase use --add, 
[info] but for now we'll just set up a default project.
[info] 
[debug] [2025-08-18T16:04:59.500Z] Using project from CLI flag: audit-dashboard-6acc0
[debug] [2025-08-18T16:04:59.501Z] Checked if tokens are valid: false, expires at: 1643799406504
[debug] [2025-08-18T16:04:59.501Z] Checked if tokens are valid: false, expires at: 1643799406504
[debug] [2025-08-18T16:04:59.502Z] > refreshing access token with scopes: []
[debug] [2025-08-18T16:04:59.503Z] >>> [apiv2][query] POST https://www.googleapis.com/oauth2/v3/token [none]
[debug] [2025-08-18T16:04:59.503Z] >>> [apiv2][body] POST https://www.googleapis.com/oauth2/v3/token [omitted]
[debug] [2025-08-18T16:04:59.655Z] <<< [apiv2][status] POST https://www.googleapis.com/oauth2/v3/token 400
[debug] [2025-08-18T16:04:59.655Z] <<< [apiv2][body] POST https://www.googleapis.com/oauth2/v3/token [omitted]
[debug] [2025-08-18T16:04:59.656Z] >>> [apiv2][query] GET https://firebase.googleapis.com/v1beta1/projects/audit-dashboard-6acc0 [none]
[debug] [2025-08-18T16:05:00.017Z] <<< [apiv2][status] GET https://firebase.googleapis.com/v1beta1/projects/audit-dashboard-6acc0 401
[debug] [2025-08-18T16:05:00.017Z] <<< [apiv2][body] GET https://firebase.googleapis.com/v1beta1/projects/audit-dashboard-6acc0 {"error":{"code":401,"message":"Request had invalid authentication credentials. Expected OAuth 2 access token, login cookie or other valid authentication credential. See https://developers.google.com/identity/sign-in/web/devconsole-project.","status":"UNAUTHENTICATED"}}
[debug] [2025-08-18T16:05:00.017Z] Got a 401 Unauthenticated error for a call that required authentication. Refreshing tokens.
[debug] [2025-08-18T16:05:00.017Z] Checked if tokens are valid: false, expires at: 1643799406504
[debug] [2025-08-18T16:05:00.017Z] Checked if tokens are valid: false, expires at: 1643799406504
[debug] [2025-08-18T16:05:00.017Z] > refreshing access token with scopes: []
[debug] [2025-08-18T16:05:00.018Z] >>> [apiv2][query] POST https://www.googleapis.com/oauth2/v3/token [none]
[debug] [2025-08-18T16:05:00.018Z] >>> [apiv2][body] POST https://www.googleapis.com/oauth2/v3/token [omitted]
[debug] [2025-08-18T16:05:00.052Z] <<< [apiv2][status] POST https://www.googleapis.com/oauth2/v3/token 400
[debug] [2025-08-18T16:05:00.053Z] <<< [apiv2][body] POST https://www.googleapis.com/oauth2/v3/token [omitted]
[debug] [2025-08-18T16:05:00.053Z] Request to https://firebase.googleapis.com/v1beta1/projects/audit-dashboard-6acc0 had HTTP Error: 401, Request had invalid authentication credentials. Expected OAuth 2 access token, login cookie or other valid authentication credential. See https://developers.google.com/identity/sign-in/web/devconsole-project.
[debug] [2025-08-18T16:05:00.060Z] FirebaseError: Request to https://firebase.googleapis.com/v1beta1/projects/audit-dashboard-6acc0 had HTTP Error: 401, Request had invalid authentication credentials. Expected OAuth 2 access token, login cookie or other valid authentication credential. See https://developers.google.com/identity/sign-in/web/devconsole-project.
    at responseToError (C:\Users\WillOfD\AppData\Roaming\npm\node_modules\firebase-tools\lib\responseToError.js:52:12)
    at RetryOperation._fn (C:\Users\WillOfD\AppData\Roaming\npm\node_modules\firebase-tools\lib\apiv2.js:312:77)
    at process.processTicksAndRejections (node:internal/process/task_queues:105:5)
[error] 
[error] Error: Failed to get Firebase project audit-dashboard-6acc0. Please make sure the project exists and your account has permission to access it.
